{"C:\\Users\\jyoti\\emergecy\\safetrack-frontend\\src\\utils\\api.js": {"path":"C:\\Users\\jyoti\\emergecy\\safetrack-frontend\\src\\utils\\api.js","statementMap":{"0":{"start":{"line":3,"column":17},"end":{"line":3,"column":23}},"1":{"start":{"line":5,"column":23},"end":{"line":8,"column":1}},"2":{"start":{"line":6,"column":16},"end":{"line":6,"column":97}},"3":{"start":{"line":7,"column":2},"end":{"line":7,"column":59}},"4":{"start":{"line":10,"column":20},"end":{"line":19,"column":1}},"5":{"start":{"line":11,"column":18},"end":{"line":11,"column":34}},"6":{"start":{"line":12,"column":21},"end":{"line":12,"column":63}},"7":{"start":{"line":13,"column":20},"end":{"line":13,"column":60}},"8":{"start":{"line":14,"column":2},"end":{"line":14,"column":50}},"9":{"start":{"line":14,"column":33},"end":{"line":14,"column":50}},"10":{"start":{"line":15,"column":14},"end":{"line":15,"column":16}},"11":{"start":{"line":16,"column":2},"end":{"line":16,"column":37}},"12":{"start":{"line":16,"column":17},"end":{"line":16,"column":37}},"13":{"start":{"line":17,"column":2},"end":{"line":17,"column":40}},"14":{"start":{"line":17,"column":18},"end":{"line":17,"column":40}},"15":{"start":{"line":18,"column":2},"end":{"line":18,"column":13}},"16":{"start":{"line":21,"column":25},"end":{"line":24,"column":1}},"17":{"start":{"line":22,"column":14},"end":{"line":22,"column":77}},"18":{"start":{"line":23,"column":2},"end":{"line":23,"column":18}},"19":{"start":{"line":26,"column":28},"end":{"line":29,"column":1}},"20":{"start":{"line":27,"column":14},"end":{"line":27,"column":68}},"21":{"start":{"line":28,"column":2},"end":{"line":28,"column":18}},"22":{"start":{"line":31,"column":26},"end":{"line":34,"column":1}},"23":{"start":{"line":32,"column":14},"end":{"line":32,"column":57}},"24":{"start":{"line":33,"column":2},"end":{"line":33,"column":18}},"25":{"start":{"line":36,"column":28},"end":{"line":39,"column":1}},"26":{"start":{"line":37,"column":14},"end":{"line":37,"column":69}},"27":{"start":{"line":38,"column":2},"end":{"line":38,"column":18}},"28":{"start":{"line":42,"column":28},"end":{"line":46,"column":1}},"29":{"start":{"line":43,"column":14},"end":{"line":43,"column":27}},"30":{"start":{"line":44,"column":14},"end":{"line":44,"column":108}},"31":{"start":{"line":45,"column":2},"end":{"line":45,"column":18}},"32":{"start":{"line":48,"column":31},"end":{"line":52,"column":1}},"33":{"start":{"line":49,"column":14},"end":{"line":49,"column":27}},"34":{"start":{"line":50,"column":14},"end":{"line":50,"column":120}},"35":{"start":{"line":51,"column":2},"end":{"line":51,"column":18}},"36":{"start":{"line":54,"column":30},"end":{"line":57,"column":1}},"37":{"start":{"line":55,"column":14},"end":{"line":55,"column":64}},"38":{"start":{"line":56,"column":2},"end":{"line":56,"column":18}},"39":{"start":{"line":59,"column":30},"end":{"line":62,"column":1}},"40":{"start":{"line":60,"column":14},"end":{"line":60,"column":69}},"41":{"start":{"line":61,"column":2},"end":{"line":61,"column":18}},"42":{"start":{"line":64,"column":30},"end":{"line":67,"column":1}},"43":{"start":{"line":65,"column":14},"end":{"line":65,"column":63}},"44":{"start":{"line":66,"column":2},"end":{"line":66,"column":18}},"45":{"start":{"line":69,"column":34},"end":{"line":73,"column":1}},"46":{"start":{"line":70,"column":14},"end":{"line":70,"column":35}},"47":{"start":{"line":71,"column":14},"end":{"line":71,"column":59}},"48":{"start":{"line":72,"column":2},"end":{"line":72,"column":18}},"49":{"start":{"line":75,"column":32},"end":{"line":79,"column":1}},"50":{"start":{"line":76,"column":14},"end":{"line":76,"column":58}},"51":{"start":{"line":77,"column":14},"end":{"line":77,"column":66}},"52":{"start":{"line":78,"column":2},"end":{"line":78,"column":18}},"53":{"start":{"line":82,"column":30},"end":{"line":86,"column":1}},"54":{"start":{"line":83,"column":14},"end":{"line":83,"column":27}},"55":{"start":{"line":84,"column":14},"end":{"line":84,"column":112}},"56":{"start":{"line":85,"column":2},"end":{"line":85,"column":18}},"57":{"start":{"line":88,"column":36},"end":{"line":92,"column":1}},"58":{"start":{"line":89,"column":14},"end":{"line":89,"column":35}},"59":{"start":{"line":90,"column":14},"end":{"line":90,"column":61}},"60":{"start":{"line":91,"column":2},"end":{"line":91,"column":18}},"61":{"start":{"line":94,"column":38},"end":{"line":98,"column":1}},"62":{"start":{"line":95,"column":14},"end":{"line":95,"column":40}},"63":{"start":{"line":96,"column":14},"end":{"line":96,"column":71}},"64":{"start":{"line":97,"column":2},"end":{"line":97,"column":18}},"65":{"start":{"line":100,"column":32},"end":{"line":103,"column":1}},"66":{"start":{"line":101,"column":14},"end":{"line":101,"column":66}},"67":{"start":{"line":102,"column":2},"end":{"line":102,"column":18}},"68":{"start":{"line":106,"column":28},"end":{"line":110,"column":1}},"69":{"start":{"line":107,"column":14},"end":{"line":107,"column":27}},"70":{"start":{"line":108,"column":14},"end":{"line":108,"column":100}},"71":{"start":{"line":109,"column":2},"end":{"line":109,"column":18}},"72":{"start":{"line":112,"column":27},"end":{"line":116,"column":1}},"73":{"start":{"line":113,"column":14},"end":{"line":113,"column":27}},"74":{"start":{"line":114,"column":14},"end":{"line":114,"column":112}},"75":{"start":{"line":115,"column":2},"end":{"line":115,"column":18}},"76":{"start":{"line":118,"column":26},"end":{"line":121,"column":1}},"77":{"start":{"line":119,"column":14},"end":{"line":119,"column":60}},"78":{"start":{"line":120,"column":2},"end":{"line":120,"column":18}},"79":{"start":{"line":123,"column":26},"end":{"line":126,"column":1}},"80":{"start":{"line":124,"column":14},"end":{"line":124,"column":65}},"81":{"start":{"line":125,"column":2},"end":{"line":125,"column":18}},"82":{"start":{"line":128,"column":26},"end":{"line":131,"column":1}},"83":{"start":{"line":129,"column":14},"end":{"line":129,"column":59}},"84":{"start":{"line":130,"column":2},"end":{"line":130,"column":18}},"85":{"start":{"line":134,"column":25},"end":{"line":138,"column":1}},"86":{"start":{"line":135,"column":14},"end":{"line":135,"column":27}},"87":{"start":{"line":136,"column":14},"end":{"line":136,"column":102}},"88":{"start":{"line":137,"column":2},"end":{"line":137,"column":18}},"89":{"start":{"line":140,"column":31},"end":{"line":144,"column":1}},"90":{"start":{"line":141,"column":14},"end":{"line":141,"column":43}},"91":{"start":{"line":142,"column":14},"end":{"line":142,"column":56}},"92":{"start":{"line":143,"column":2},"end":{"line":143,"column":18}},"93":{"start":{"line":146,"column":32},"end":{"line":149,"column":1}},"94":{"start":{"line":147,"column":14},"end":{"line":147,"column":74}},"95":{"start":{"line":148,"column":2},"end":{"line":148,"column":18}},"96":{"start":{"line":152,"column":37},"end":{"line":156,"column":1}},"97":{"start":{"line":153,"column":14},"end":{"line":153,"column":27}},"98":{"start":{"line":154,"column":14},"end":{"line":154,"column":128}},"99":{"start":{"line":155,"column":2},"end":{"line":155,"column":18}},"100":{"start":{"line":158,"column":37},"end":{"line":162,"column":1}},"101":{"start":{"line":159,"column":14},"end":{"line":159,"column":27}},"102":{"start":{"line":160,"column":14},"end":{"line":160,"column":150}},"103":{"start":{"line":161,"column":2},"end":{"line":161,"column":18}},"104":{"start":{"line":164,"column":34},"end":{"line":168,"column":1}},"105":{"start":{"line":165,"column":14},"end":{"line":165,"column":27}},"106":{"start":{"line":166,"column":14},"end":{"line":166,"column":142}},"107":{"start":{"line":167,"column":2},"end":{"line":167,"column":18}}},"fnMap":{"0":{"name":"(anonymous_0)","decl":{"start":{"line":5,"column":23},"end":{"line":5,"column":24}},"loc":{"start":{"line":5,"column":29},"end":{"line":8,"column":1}},"line":5},"1":{"name":"(anonymous_1)","decl":{"start":{"line":10,"column":20},"end":{"line":10,"column":21}},"loc":{"start":{"line":10,"column":32},"end":{"line":19,"column":1}},"line":10},"2":{"name":"(anonymous_2)","decl":{"start":{"line":21,"column":25},"end":{"line":21,"column":30}},"loc":{"start":{"line":21,"column":52},"end":{"line":24,"column":1}},"line":21},"3":{"name":"(anonymous_3)","decl":{"start":{"line":26,"column":28},"end":{"line":26,"column":33}},"loc":{"start":{"line":26,"column":47},"end":{"line":29,"column":1}},"line":26},"4":{"name":"(anonymous_4)","decl":{"start":{"line":31,"column":26},"end":{"line":31,"column":31}},"loc":{"start":{"line":31,"column":38},"end":{"line":34,"column":1}},"line":31},"5":{"name":"(anonymous_5)","decl":{"start":{"line":36,"column":28},"end":{"line":36,"column":33}},"loc":{"start":{"line":36,"column":45},"end":{"line":39,"column":1}},"line":36},"6":{"name":"(anonymous_6)","decl":{"start":{"line":42,"column":28},"end":{"line":42,"column":33}},"loc":{"start":{"line":42,"column":40},"end":{"line":46,"column":1}},"line":42},"7":{"name":"(anonymous_7)","decl":{"start":{"line":48,"column":31},"end":{"line":48,"column":36}},"loc":{"start":{"line":48,"column":45},"end":{"line":52,"column":1}},"line":48},"8":{"name":"(anonymous_8)","decl":{"start":{"line":54,"column":30},"end":{"line":54,"column":35}},"loc":{"start":{"line":54,"column":49},"end":{"line":57,"column":1}},"line":54},"9":{"name":"(anonymous_9)","decl":{"start":{"line":59,"column":30},"end":{"line":59,"column":35}},"loc":{"start":{"line":59,"column":53},"end":{"line":62,"column":1}},"line":59},"10":{"name":"(anonymous_10)","decl":{"start":{"line":64,"column":30},"end":{"line":64,"column":35}},"loc":{"start":{"line":64,"column":44},"end":{"line":67,"column":1}},"line":64},"11":{"name":"(anonymous_11)","decl":{"start":{"line":69,"column":34},"end":{"line":69,"column":39}},"loc":{"start":{"line":69,"column":50},"end":{"line":73,"column":1}},"line":69},"12":{"name":"(anonymous_12)","decl":{"start":{"line":75,"column":32},"end":{"line":75,"column":37}},"loc":{"start":{"line":75,"column":71},"end":{"line":79,"column":1}},"line":75},"13":{"name":"(anonymous_13)","decl":{"start":{"line":82,"column":30},"end":{"line":82,"column":35}},"loc":{"start":{"line":82,"column":42},"end":{"line":86,"column":1}},"line":82},"14":{"name":"(anonymous_14)","decl":{"start":{"line":88,"column":36},"end":{"line":88,"column":41}},"loc":{"start":{"line":88,"column":52},"end":{"line":92,"column":1}},"line":88},"15":{"name":"(anonymous_15)","decl":{"start":{"line":94,"column":38},"end":{"line":94,"column":43}},"loc":{"start":{"line":94,"column":59},"end":{"line":98,"column":1}},"line":94},"16":{"name":"(anonymous_16)","decl":{"start":{"line":100,"column":32},"end":{"line":100,"column":37}},"loc":{"start":{"line":100,"column":51},"end":{"line":103,"column":1}},"line":100},"17":{"name":"(anonymous_17)","decl":{"start":{"line":106,"column":28},"end":{"line":106,"column":33}},"loc":{"start":{"line":106,"column":40},"end":{"line":110,"column":1}},"line":106},"18":{"name":"(anonymous_18)","decl":{"start":{"line":112,"column":27},"end":{"line":112,"column":32}},"loc":{"start":{"line":112,"column":41},"end":{"line":116,"column":1}},"line":112},"19":{"name":"(anonymous_19)","decl":{"start":{"line":118,"column":26},"end":{"line":118,"column":31}},"loc":{"start":{"line":118,"column":45},"end":{"line":121,"column":1}},"line":118},"20":{"name":"(anonymous_20)","decl":{"start":{"line":123,"column":26},"end":{"line":123,"column":31}},"loc":{"start":{"line":123,"column":49},"end":{"line":126,"column":1}},"line":123},"21":{"name":"(anonymous_21)","decl":{"start":{"line":128,"column":26},"end":{"line":128,"column":31}},"loc":{"start":{"line":128,"column":40},"end":{"line":131,"column":1}},"line":128},"22":{"name":"(anonymous_22)","decl":{"start":{"line":134,"column":25},"end":{"line":134,"column":30}},"loc":{"start":{"line":134,"column":37},"end":{"line":138,"column":1}},"line":134},"23":{"name":"(anonymous_23)","decl":{"start":{"line":140,"column":31},"end":{"line":140,"column":36}},"loc":{"start":{"line":140,"column":43},"end":{"line":144,"column":1}},"line":140},"24":{"name":"(anonymous_24)","decl":{"start":{"line":146,"column":32},"end":{"line":146,"column":37}},"loc":{"start":{"line":146,"column":46},"end":{"line":149,"column":1}},"line":146},"25":{"name":"(anonymous_25)","decl":{"start":{"line":152,"column":37},"end":{"line":152,"column":42}},"loc":{"start":{"line":152,"column":49},"end":{"line":156,"column":1}},"line":152},"26":{"name":"(anonymous_26)","decl":{"start":{"line":158,"column":37},"end":{"line":158,"column":42}},"loc":{"start":{"line":158,"column":49},"end":{"line":162,"column":1}},"line":158},"27":{"name":"(anonymous_27)","decl":{"start":{"line":164,"column":34},"end":{"line":164,"column":39}},"loc":{"start":{"line":164,"column":46},"end":{"line":168,"column":1}},"line":164}},"branchMap":{"0":{"loc":{"start":{"line":6,"column":16},"end":{"line":6,"column":97}},"type":"cond-expr","locations":[{"start":{"line":6,"column":54},"end":{"line":6,"column":90}},{"start":{"line":6,"column":93},"end":{"line":6,"column":97}}],"line":6},"1":{"loc":{"start":{"line":7,"column":9},"end":{"line":7,"column":58}},"type":"cond-expr","locations":[{"start":{"line":7,"column":17},"end":{"line":7,"column":53}},{"start":{"line":7,"column":56},"end":{"line":7,"column":58}}],"line":7},"2":{"loc":{"start":{"line":12,"column":21},"end":{"line":12,"column":63}},"type":"binary-expr","locations":[{"start":{"line":12,"column":21},"end":{"line":12,"column":28}},{"start":{"line":12,"column":32},"end":{"line":12,"column":63}}],"line":12},"3":{"loc":{"start":{"line":13,"column":20},"end":{"line":13,"column":60}},"type":"binary-expr","locations":[{"start":{"line":13,"column":20},"end":{"line":13,"column":26}},{"start":{"line":13,"column":30},"end":{"line":13,"column":60}}],"line":13},"4":{"loc":{"start":{"line":14,"column":2},"end":{"line":14,"column":50}},"type":"if","locations":[{"start":{"line":14,"column":2},"end":{"line":14,"column":50}},{"start":{},"end":{}}],"line":14},"5":{"loc":{"start":{"line":14,"column":6},"end":{"line":14,"column":31}},"type":"binary-expr","locations":[{"start":{"line":14,"column":6},"end":{"line":14,"column":17}},{"start":{"line":14,"column":21},"end":{"line":14,"column":31}}],"line":14},"6":{"loc":{"start":{"line":16,"column":2},"end":{"line":16,"column":37}},"type":"if","locations":[{"start":{"line":16,"column":2},"end":{"line":16,"column":37}},{"start":{},"end":{}}],"line":16},"7":{"loc":{"start":{"line":17,"column":2},"end":{"line":17,"column":40}},"type":"if","locations":[{"start":{"line":17,"column":2},"end":{"line":17,"column":40}},{"start":{},"end":{}}],"line":17},"8":{"loc":{"start":{"line":44,"column":14},"end":{"line":44,"column":108}},"type":"cond-expr","locations":[{"start":{"line":44,"column":20},"end":{"line":44,"column":65}},{"start":{"line":44,"column":68},"end":{"line":44,"column":108}}],"line":44},"9":{"loc":{"start":{"line":50,"column":14},"end":{"line":50,"column":120}},"type":"cond-expr","locations":[{"start":{"line":50,"column":20},"end":{"line":50,"column":71}},{"start":{"line":50,"column":74},"end":{"line":50,"column":120}}],"line":50},"10":{"loc":{"start":{"line":84,"column":14},"end":{"line":84,"column":112}},"type":"cond-expr","locations":[{"start":{"line":84,"column":20},"end":{"line":84,"column":67}},{"start":{"line":84,"column":70},"end":{"line":84,"column":112}}],"line":84},"11":{"loc":{"start":{"line":108,"column":14},"end":{"line":108,"column":100}},"type":"cond-expr","locations":[{"start":{"line":108,"column":20},"end":{"line":108,"column":61}},{"start":{"line":108,"column":64},"end":{"line":108,"column":100}}],"line":108},"12":{"loc":{"start":{"line":114,"column":14},"end":{"line":114,"column":112}},"type":"cond-expr","locations":[{"start":{"line":114,"column":20},"end":{"line":114,"column":67}},{"start":{"line":114,"column":70},"end":{"line":114,"column":112}}],"line":114},"13":{"loc":{"start":{"line":136,"column":14},"end":{"line":136,"column":102}},"type":"cond-expr","locations":[{"start":{"line":136,"column":20},"end":{"line":136,"column":62}},{"start":{"line":136,"column":65},"end":{"line":136,"column":102}}],"line":136},"14":{"loc":{"start":{"line":154,"column":14},"end":{"line":154,"column":128}},"type":"cond-expr","locations":[{"start":{"line":154,"column":20},"end":{"line":154,"column":75}},{"start":{"line":154,"column":78},"end":{"line":154,"column":128}}],"line":154},"15":{"loc":{"start":{"line":160,"column":14},"end":{"line":160,"column":150}},"type":"cond-expr","locations":[{"start":{"line":160,"column":20},"end":{"line":160,"column":86}},{"start":{"line":160,"column":89},"end":{"line":160,"column":150}}],"line":160},"16":{"loc":{"start":{"line":166,"column":14},"end":{"line":166,"column":142}},"type":"cond-expr","locations":[{"start":{"line":166,"column":20},"end":{"line":166,"column":82}},{"start":{"line":166,"column":85},"end":{"line":166,"column":142}}],"line":166}},"s":{"0":1,"1":1,"2":19,"3":19,"4":1,"5":19,"6":19,"7":19,"8":19,"9":13,"10":6,"11":6,"12":5,"13":6,"14":6,"15":6,"16":1,"17":2,"18":1,"19":1,"20":1,"21":1,"22":1,"23":1,"24":1,"25":1,"26":1,"27":1,"28":1,"29":5,"30":5,"31":1,"32":1,"33":2,"34":2,"35":1,"36":1,"37":1,"38":1,"39":1,"40":1,"41":1,"42":1,"43":1,"44":1,"45":1,"46":1,"47":1,"48":1,"49":1,"50":1,"51":1,"52":1,"53":1,"54":1,"55":1,"56":1,"57":1,"58":1,"59":1,"60":1,"61":1,"62":1,"63":1,"64":1,"65":1,"66":1,"67":1,"68":1,"69":1,"70":1,"71":1,"72":1,"73":1,"74":1,"75":1,"76":1,"77":1,"78":1,"79":1,"80":1,"81":1,"82":1,"83":1,"84":1,"85":1,"86":1,"87":1,"88":1,"89":1,"90":1,"91":1,"92":1,"93":1,"94":1,"95":1,"96":1,"97":1,"98":1,"99":1,"100":1,"101":1,"102":1,"103":1,"104":1,"105":1,"106":1,"107":1},"f":{"0":19,"1":19,"2":2,"3":1,"4":1,"5":1,"6":5,"7":2,"8":1,"9":1,"10":1,"11":1,"12":1,"13":1,"14":1,"15":1,"16":1,"17":1,"18":1,"19":1,"20":1,"21":1,"22":1,"23":1,"24":1,"25":1,"26":1,"27":1},"b":{"0":[19,0],"1":[1,18],"2":[19,19],"3":[19,5],"4":[13,6],"5":[19,18],"6":[5,1],"7":[1,5],"8":[1,4],"9":[0,2],"10":[0,1],"11":[0,1],"12":[0,1],"13":[0,1],"14":[0,1],"15":[0,1],"16":[0,1]},"meta":{"lastBranch":17,"lastFunction":28,"lastStatement":108,"seen":{"s:3:17:3:23":0,"s:5:23:8:1":1,"f:5:23:5:24":0,"s:6:16:6:97":2,"b:6:54:6:90:6:93:6:97":0,"s:7:2:7:59":3,"b:7:17:7:53:7:56:7:58":1,"s:10:20:19:1":4,"f:10:20:10:21":1,"s:11:18:11:34":5,"s:12:21:12:63":6,"b:12:21:12:28:12:32:12:63":2,"s:13:20:13:60":7,"b:13:20:13:26:13:30:13:60":3,"b:14:2:14:50:undefined:undefined:undefined:undefined":4,"s:14:2:14:50":8,"b:14:6:14:17:14:21:14:31":5,"s:14:33:14:50":9,"s:15:14:15:16":10,"b:16:2:16:37:undefined:undefined:undefined:undefined":6,"s:16:2:16:37":11,"s:16:17:16:37":12,"b:17:2:17:40:undefined:undefined:undefined:undefined":7,"s:17:2:17:40":13,"s:17:18:17:40":14,"s:18:2:18:13":15,"s:21:25:24:1":16,"f:21:25:21:30":2,"s:22:14:22:77":17,"s:23:2:23:18":18,"s:26:28:29:1":19,"f:26:28:26:33":3,"s:27:14:27:68":20,"s:28:2:28:18":21,"s:31:26:34:1":22,"f:31:26:31:31":4,"s:32:14:32:57":23,"s:33:2:33:18":24,"s:36:28:39:1":25,"f:36:28:36:33":5,"s:37:14:37:69":26,"s:38:2:38:18":27,"s:42:28:46:1":28,"f:42:28:42:33":6,"s:43:14:43:27":29,"s:44:14:44:108":30,"b:44:20:44:65:44:68:44:108":8,"s:45:2:45:18":31,"s:48:31:52:1":32,"f:48:31:48:36":7,"s:49:14:49:27":33,"s:50:14:50:120":34,"b:50:20:50:71:50:74:50:120":9,"s:51:2:51:18":35,"s:54:30:57:1":36,"f:54:30:54:35":8,"s:55:14:55:64":37,"s:56:2:56:18":38,"s:59:30:62:1":39,"f:59:30:59:35":9,"s:60:14:60:69":40,"s:61:2:61:18":41,"s:64:30:67:1":42,"f:64:30:64:35":10,"s:65:14:65:63":43,"s:66:2:66:18":44,"s:69:34:73:1":45,"f:69:34:69:39":11,"s:70:14:70:35":46,"s:71:14:71:59":47,"s:72:2:72:18":48,"s:75:32:79:1":49,"f:75:32:75:37":12,"s:76:14:76:58":50,"s:77:14:77:66":51,"s:78:2:78:18":52,"s:82:30:86:1":53,"f:82:30:82:35":13,"s:83:14:83:27":54,"s:84:14:84:112":55,"b:84:20:84:67:84:70:84:112":10,"s:85:2:85:18":56,"s:88:36:92:1":57,"f:88:36:88:41":14,"s:89:14:89:35":58,"s:90:14:90:61":59,"s:91:2:91:18":60,"s:94:38:98:1":61,"f:94:38:94:43":15,"s:95:14:95:40":62,"s:96:14:96:71":63,"s:97:2:97:18":64,"s:100:32:103:1":65,"f:100:32:100:37":16,"s:101:14:101:66":66,"s:102:2:102:18":67,"s:106:28:110:1":68,"f:106:28:106:33":17,"s:107:14:107:27":69,"s:108:14:108:100":70,"b:108:20:108:61:108:64:108:100":11,"s:109:2:109:18":71,"s:112:27:116:1":72,"f:112:27:112:32":18,"s:113:14:113:27":73,"s:114:14:114:112":74,"b:114:20:114:67:114:70:114:112":12,"s:115:2:115:18":75,"s:118:26:121:1":76,"f:118:26:118:31":19,"s:119:14:119:60":77,"s:120:2:120:18":78,"s:123:26:126:1":79,"f:123:26:123:31":20,"s:124:14:124:65":80,"s:125:2:125:18":81,"s:128:26:131:1":82,"f:128:26:128:31":21,"s:129:14:129:59":83,"s:130:2:130:18":84,"s:134:25:138:1":85,"f:134:25:134:30":22,"s:135:14:135:27":86,"s:136:14:136:102":87,"b:136:20:136:62:136:65:136:102":13,"s:137:2:137:18":88,"s:140:31:144:1":89,"f:140:31:140:36":23,"s:141:14:141:43":90,"s:142:14:142:56":91,"s:143:2:143:18":92,"s:146:32:149:1":93,"f:146:32:146:37":24,"s:147:14:147:74":94,"s:148:2:148:18":95,"s:152:37:156:1":96,"f:152:37:152:42":25,"s:153:14:153:27":97,"s:154:14:154:128":98,"b:154:20:154:75:154:78:154:128":14,"s:155:2:155:18":99,"s:158:37:162:1":100,"f:158:37:158:42":26,"s:159:14:159:27":101,"s:160:14:160:150":102,"b:160:20:160:86:160:89:160:150":15,"s:161:2:161:18":103,"s:164:34:168:1":104,"f:164:34:164:39":27,"s:165:14:165:27":105,"s:166:14:166:142":106,"b:166:20:166:82:166:85:166:142":16,"s:167:2:167:18":107}}}
,"C:\\Users\\jyoti\\emergecy\\safetrack-frontend\\src\\utils\\helpers.js": {"path":"C:\\Users\\jyoti\\emergecy\\safetrack-frontend\\src\\utils\\helpers.js","statementMap":{"0":{"start":{"line":3,"column":26},"end":{"line":6,"column":1}},"1":{"start":{"line":4,"column":2},"end":{"line":4,"column":22}},"2":{"start":{"line":4,"column":12},"end":{"line":4,"column":22}},"3":{"start":{"line":5,"column":2},"end":{"line":5,"column":66}},"4":{"start":{"line":8,"column":22},"end":{"line":15,"column":1}},"5":{"start":{"line":9,"column":2},"end":{"line":14,"column":25}},"6":{"start":{"line":17,"column":30},"end":{"line":20,"column":1}},"7":{"start":{"line":18,"column":2},"end":{"line":18,"column":42}},"8":{"start":{"line":18,"column":31},"end":{"line":18,"column":42}},"9":{"start":{"line":19,"column":2},"end":{"line":19,"column":41}},"10":{"start":{"line":22,"column":33},"end":{"line":27,"column":1}},"11":{"start":{"line":23,"column":12},"end":{"line":23,"column":42}},"12":{"start":{"line":24,"column":2},"end":{"line":24,"column":72}},"13":{"start":{"line":24,"column":45},"end":{"line":24,"column":72}},"14":{"start":{"line":25,"column":2},"end":{"line":25,"column":41}},"15":{"start":{"line":25,"column":23},"end":{"line":25,"column":41}},"16":{"start":{"line":26,"column":2},"end":{"line":26,"column":13}},"17":{"start":{"line":29,"column":28},"end":{"line":31,"column":1}},"18":{"start":{"line":30,"column":2},"end":{"line":30,"column":50}},"19":{"start":{"line":33,"column":32},"end":{"line":36,"column":1}},"20":{"start":{"line":34,"column":2},"end":{"line":34,"column":43}},"21":{"start":{"line":34,"column":30},"end":{"line":34,"column":43}},"22":{"start":{"line":35,"column":2},"end":{"line":35,"column":76}},"23":{"start":{"line":38,"column":30},"end":{"line":41,"column":1}},"24":{"start":{"line":39,"column":14},"end":{"line":39,"column":32}},"25":{"start":{"line":40,"column":2},"end":{"line":40,"column":77}},"26":{"start":{"line":43,"column":30},"end":{"line":46,"column":1}},"27":{"start":{"line":44,"column":17},"end":{"line":44,"column":37}},"28":{"start":{"line":45,"column":2},"end":{"line":45,"column":43}},"29":{"start":{"line":48,"column":27},"end":{"line":54,"column":1}},"30":{"start":{"line":49,"column":2},"end":{"line":49,"column":32}},"31":{"start":{"line":49,"column":19},"end":{"line":49,"column":32}},"32":{"start":{"line":50,"column":12},"end":{"line":50,"column":16}},"33":{"start":{"line":51,"column":16},"end":{"line":51,"column":45}},"34":{"start":{"line":52,"column":12},"end":{"line":52,"column":53}},"35":{"start":{"line":53,"column":2},"end":{"line":53,"column":62}},"36":{"start":{"line":56,"column":35},"end":{"line":59,"column":1}},"37":{"start":{"line":57,"column":2},"end":{"line":57,"column":23}},"38":{"start":{"line":57,"column":14},"end":{"line":57,"column":23}},"39":{"start":{"line":58,"column":2},"end":{"line":58,"column":30}},"40":{"start":{"line":61,"column":31},"end":{"line":63,"column":1}},"41":{"start":{"line":62,"column":2},"end":{"line":62,"column":59}},"42":{"start":{"line":65,"column":26},"end":{"line":68,"column":1}},"43":{"start":{"line":66,"column":12},"end":{"line":66,"column":26}},"44":{"start":{"line":67,"column":2},"end":{"line":67,"column":26}},"45":{"start":{"line":70,"column":32},"end":{"line":77,"column":1}},"46":{"start":{"line":71,"column":12},"end":{"line":71,"column":26}},"47":{"start":{"line":72,"column":13},"end":{"line":72,"column":49}},"48":{"start":{"line":73,"column":13},"end":{"line":73,"column":54}},"49":{"start":{"line":74,"column":15},"end":{"line":74,"column":30}},"50":{"start":{"line":75,"column":2},"end":{"line":75,"column":57}},"51":{"start":{"line":75,"column":28},"end":{"line":75,"column":57}},"52":{"start":{"line":76,"column":2},"end":{"line":76,"column":25}},"53":{"start":{"line":79,"column":26},"end":{"line":85,"column":1}},"54":{"start":{"line":80,"column":14},"end":{"line":80,"column":24}},"55":{"start":{"line":81,"column":15},"end":{"line":81,"column":57}},"56":{"start":{"line":82,"column":2},"end":{"line":82,"column":34}},"57":{"start":{"line":82,"column":16},"end":{"line":82,"column":34}},"58":{"start":{"line":83,"column":2},"end":{"line":83,"column":40}},"59":{"start":{"line":83,"column":18},"end":{"line":83,"column":40}},"60":{"start":{"line":84,"column":2},"end":{"line":84,"column":31}},"61":{"start":{"line":87,"column":27},"end":{"line":90,"column":1}},"62":{"start":{"line":88,"column":15},"end":{"line":88,"column":52}},"63":{"start":{"line":89,"column":2},"end":{"line":89,"column":50}},"64":{"start":{"line":92,"column":23},"end":{"line":96,"column":1}},"65":{"start":{"line":93,"column":13},"end":{"line":93,"column":24}},"66":{"start":{"line":94,"column":14},"end":{"line":94,"column":24}},"67":{"start":{"line":95,"column":2},"end":{"line":95,"column":50}},"68":{"start":{"line":98,"column":22},"end":{"line":100,"column":1}},"69":{"start":{"line":99,"column":2},"end":{"line":99,"column":34}},"70":{"start":{"line":102,"column":32},"end":{"line":102,"column":65}},"71":{"start":{"line":102,"column":41},"end":{"line":102,"column":65}},"72":{"start":{"line":104,"column":26},"end":{"line":108,"column":1}},"73":{"start":{"line":105,"column":14},"end":{"line":105,"column":16}},"74":{"start":{"line":106,"column":2},"end":{"line":106,"column":78}},"75":{"start":{"line":106,"column":15},"end":{"line":106,"column":16}},"76":{"start":{"line":106,"column":45},"end":{"line":106,"column":78}},"77":{"start":{"line":107,"column":2},"end":{"line":107,"column":13}},"78":{"start":{"line":110,"column":28},"end":{"line":110,"column":55}},"79":{"start":{"line":110,"column":37},"end":{"line":110,"column":55}},"80":{"start":{"line":112,"column":25},"end":{"line":112,"column":90}},"81":{"start":{"line":112,"column":39},"end":{"line":112,"column":90}},"82":{"start":{"line":112,"column":64},"end":{"line":112,"column":88}},"83":{"start":{"line":114,"column":27},"end":{"line":114,"column":83}},"84":{"start":{"line":114,"column":48},"end":{"line":114,"column":83}},"85":{"start":{"line":114,"column":66},"end":{"line":114,"column":82}},"86":{"start":{"line":116,"column":26},"end":{"line":121,"column":6}},"87":{"start":{"line":116,"column":40},"end":{"line":121,"column":6}},"88":{"start":{"line":117,"column":12},"end":{"line":117,"column":20}},"89":{"start":{"line":118,"column":2},"end":{"line":118,"column":24}},"90":{"start":{"line":119,"column":2},"end":{"line":119,"column":19}},"91":{"start":{"line":120,"column":2},"end":{"line":120,"column":13}},"92":{"start":{"line":123,"column":25},"end":{"line":123,"column":79}},"93":{"start":{"line":123,"column":46},"end":{"line":123,"column":79}},"94":{"start":{"line":123,"column":62},"end":{"line":123,"column":78}},"95":{"start":{"line":125,"column":31},"end":{"line":125,"column":64}},"96":{"start":{"line":125,"column":40},"end":{"line":125,"column":64}},"97":{"start":{"line":127,"column":23},"end":{"line":127,"column":67}},"98":{"start":{"line":127,"column":32},"end":{"line":127,"column":67}},"99":{"start":{"line":129,"column":28},"end":{"line":129,"column":64}},"100":{"start":{"line":129,"column":49},"end":{"line":129,"column":63}},"101":{"start":{"line":131,"column":25},"end":{"line":131,"column":65}},"102":{"start":{"line":131,"column":34},"end":{"line":131,"column":65}},"103":{"start":{"line":133,"column":30},"end":{"line":133,"column":125}},"104":{"start":{"line":133,"column":50},"end":{"line":133,"column":125}},"105":{"start":{"line":133,"column":76},"end":{"line":133,"column":106}},"106":{"start":{"line":133,"column":90},"end":{"line":133,"column":106}},"107":{"start":{"line":133,"column":107},"end":{"line":133,"column":118}},"108":{"start":{"line":135,"column":30},"end":{"line":135,"column":146}},"109":{"start":{"line":135,"column":50},"end":{"line":135,"column":146}},"110":{"start":{"line":135,"column":88},"end":{"line":135,"column":127}},"111":{"start":{"line":135,"column":111},"end":{"line":135,"column":127}},"112":{"start":{"line":135,"column":128},"end":{"line":135,"column":139}},"113":{"start":{"line":137,"column":35},"end":{"line":137,"column":79}},"114":{"start":{"line":137,"column":44},"end":{"line":137,"column":79}},"115":{"start":{"line":139,"column":30},"end":{"line":141,"column":1}},"116":{"start":{"line":140,"column":2},"end":{"line":140,"column":81}},"117":{"start":{"line":140,"column":43},"end":{"line":140,"column":73}},"118":{"start":{"line":143,"column":30},"end":{"line":151,"column":1}},"119":{"start":{"line":144,"column":16},"end":{"line":144,"column":31}},"120":{"start":{"line":145,"column":12},"end":{"line":145,"column":15}},"121":{"start":{"line":146,"column":2},"end":{"line":150,"column":5}},"122":{"start":{"line":147,"column":4},"end":{"line":148,"column":31}},"123":{"start":{"line":147,"column":32},"end":{"line":147,"column":47}},"124":{"start":{"line":148,"column":9},"end":{"line":148,"column":31}},"125":{"start":{"line":149,"column":4},"end":{"line":149,"column":17}},"126":{"start":{"line":153,"column":26},"end":{"line":155,"column":1}},"127":{"start":{"line":154,"column":2},"end":{"line":154,"column":58}},"128":{"start":{"line":154,"column":8},"end":{"line":154,"column":19}},"129":{"start":{"line":154,"column":20},"end":{"line":154,"column":32}},"130":{"start":{"line":154,"column":43},"end":{"line":154,"column":56}},"131":{"start":{"line":157,"column":28},"end":{"line":157,"column":84}},"132":{"start":{"line":157,"column":35},"end":{"line":157,"column":84}},"133":{"start":{"line":159,"column":34},"end":{"line":159,"column":100}},"134":{"start":{"line":159,"column":48},"end":{"line":159,"column":100}},"135":{"start":{"line":161,"column":32},"end":{"line":165,"column":1}},"136":{"start":{"line":162,"column":17},"end":{"line":162,"column":19}},"137":{"start":{"line":163,"column":2},"end":{"line":163,"column":82}},"138":{"start":{"line":163,"column":32},"end":{"line":163,"column":78}},"139":{"start":{"line":163,"column":46},"end":{"line":163,"column":78}},"140":{"start":{"line":164,"column":2},"end":{"line":164,"column":50}},"141":{"start":{"line":167,"column":33},"end":{"line":177,"column":1}},"142":{"start":{"line":168,"column":16},"end":{"line":168,"column":42}},"143":{"start":{"line":168,"column":23},"end":{"line":168,"column":42}},"144":{"start":{"line":169,"column":12},"end":{"line":169,"column":16}},"145":{"start":{"line":170,"column":15},"end":{"line":170,"column":33}},"146":{"start":{"line":171,"column":15},"end":{"line":171,"column":33}},"147":{"start":{"line":172,"column":12},"end":{"line":172,"column":109}},"148":{"start":{"line":173,"column":12},"end":{"line":173,"column":58}},"149":{"start":{"line":175,"column":30},"end":{"line":175,"column":34}},"150":{"start":{"line":176,"column":2},"end":{"line":176,"column":37}},"151":{"start":{"line":179,"column":30},"end":{"line":179,"column":137}},"152":{"start":{"line":179,"column":76},"end":{"line":179,"column":137}},"153":{"start":{"line":181,"column":28},"end":{"line":189,"column":1}},"154":{"start":{"line":182,"column":16},"end":{"line":187,"column":3}},"155":{"start":{"line":183,"column":14},"end":{"line":183,"column":39}},"156":{"start":{"line":184,"column":14},"end":{"line":184,"column":50}},"157":{"start":{"line":185,"column":14},"end":{"line":185,"column":62}},"158":{"start":{"line":186,"column":4},"end":{"line":186,"column":32}},"159":{"start":{"line":188,"column":2},"end":{"line":188,"column":39}},"160":{"start":{"line":191,"column":26},"end":{"line":198,"column":1}},"161":{"start":{"line":192,"column":16},"end":{"line":192,"column":42}},"162":{"start":{"line":192,"column":23},"end":{"line":192,"column":42}},"163":{"start":{"line":193,"column":16},"end":{"line":193,"column":42}},"164":{"start":{"line":193,"column":23},"end":{"line":193,"column":42}},"165":{"start":{"line":194,"column":15},"end":{"line":194,"column":33}},"166":{"start":{"line":195,"column":12},"end":{"line":195,"column":50}},"167":{"start":{"line":196,"column":12},"end":{"line":196,"column":122}},"168":{"start":{"line":197,"column":2},"end":{"line":197,"column":47}},"169":{"start":{"line":201,"column":31},"end":{"line":201,"column":113}},"170":{"start":{"line":201,"column":43},"end":{"line":201,"column":111}},"171":{"start":{"line":201,"column":84},"end":{"line":201,"column":111}},"172":{"start":{"line":202,"column":31},"end":{"line":202,"column":108}},"173":{"start":{"line":202,"column":39},"end":{"line":202,"column":107}},"174":{"start":{"line":203,"column":33},"end":{"line":203,"column":119}},"175":{"start":{"line":203,"column":45},"end":{"line":203,"column":117}},"176":{"start":{"line":203,"column":88},"end":{"line":203,"column":117}},"177":{"start":{"line":204,"column":33},"end":{"line":204,"column":114}},"178":{"start":{"line":204,"column":41},"end":{"line":204,"column":113}},"179":{"start":{"line":205,"column":33},"end":{"line":205,"column":112}},"180":{"start":{"line":205,"column":42},"end":{"line":205,"column":110}},"181":{"start":{"line":205,"column":83},"end":{"line":205,"column":110}},"182":{"start":{"line":206,"column":28},"end":{"line":206,"column":100}},"183":{"start":{"line":206,"column":36},"end":{"line":206,"column":98}},"184":{"start":{"line":206,"column":77},"end":{"line":206,"column":98}},"185":{"start":{"line":208,"column":28},"end":{"line":208,"column":92}},"186":{"start":{"line":208,"column":38},"end":{"line":208,"column":91}},"187":{"start":{"line":210,"column":30},"end":{"line":210,"column":80}},"188":{"start":{"line":210,"column":42},"end":{"line":210,"column":80}},"189":{"start":{"line":212,"column":30},"end":{"line":212,"column":59}},"190":{"start":{"line":212,"column":41},"end":{"line":212,"column":59}},"191":{"start":{"line":214,"column":31},"end":{"line":214,"column":99}},"192":{"start":{"line":214,"column":40},"end":{"line":214,"column":99}},"193":{"start":{"line":216,"column":30},"end":{"line":216,"column":117}},"194":{"start":{"line":216,"column":39},"end":{"line":216,"column":117}},"195":{"start":{"line":218,"column":36},"end":{"line":218,"column":92}},"196":{"start":{"line":218,"column":45},"end":{"line":218,"column":92}}},"fnMap":{"0":{"name":"(anonymous_0)","decl":{"start":{"line":3,"column":26},"end":{"line":3,"column":27}},"loc":{"start":{"line":3,"column":40},"end":{"line":6,"column":1}},"line":3},"1":{"name":"(anonymous_1)","decl":{"start":{"line":8,"column":22},"end":{"line":8,"column":23}},"loc":{"start":{"line":8,"column":36},"end":{"line":15,"column":1}},"line":8},"2":{"name":"(anonymous_2)","decl":{"start":{"line":17,"column":30},"end":{"line":17,"column":31}},"loc":{"start":{"line":17,"column":61},"end":{"line":20,"column":1}},"line":17},"3":{"name":"(anonymous_3)","decl":{"start":{"line":22,"column":33},"end":{"line":22,"column":34}},"loc":{"start":{"line":22,"column":42},"end":{"line":27,"column":1}},"line":22},"4":{"name":"(anonymous_4)","decl":{"start":{"line":29,"column":28},"end":{"line":29,"column":29}},"loc":{"start":{"line":29,"column":39},"end":{"line":31,"column":1}},"line":29},"5":{"name":"(anonymous_5)","decl":{"start":{"line":33,"column":32},"end":{"line":33,"column":33}},"loc":{"start":{"line":33,"column":41},"end":{"line":36,"column":1}},"line":33},"6":{"name":"(anonymous_6)","decl":{"start":{"line":38,"column":30},"end":{"line":38,"column":31}},"loc":{"start":{"line":38,"column":41},"end":{"line":41,"column":1}},"line":38},"7":{"name":"(anonymous_7)","decl":{"start":{"line":43,"column":30},"end":{"line":43,"column":31}},"loc":{"start":{"line":43,"column":51},"end":{"line":46,"column":1}},"line":43},"8":{"name":"(anonymous_8)","decl":{"start":{"line":48,"column":27},"end":{"line":48,"column":28}},"loc":{"start":{"line":48,"column":38},"end":{"line":54,"column":1}},"line":48},"9":{"name":"(anonymous_9)","decl":{"start":{"line":56,"column":35},"end":{"line":56,"column":36}},"loc":{"start":{"line":56,"column":52},"end":{"line":59,"column":1}},"line":56},"10":{"name":"(anonymous_10)","decl":{"start":{"line":61,"column":31},"end":{"line":61,"column":32}},"loc":{"start":{"line":61,"column":45},"end":{"line":63,"column":1}},"line":61},"11":{"name":"(anonymous_11)","decl":{"start":{"line":65,"column":26},"end":{"line":65,"column":27}},"loc":{"start":{"line":65,"column":36},"end":{"line":68,"column":1}},"line":65},"12":{"name":"(anonymous_12)","decl":{"start":{"line":70,"column":32},"end":{"line":70,"column":33}},"loc":{"start":{"line":70,"column":62},"end":{"line":77,"column":1}},"line":70},"13":{"name":"(anonymous_13)","decl":{"start":{"line":79,"column":26},"end":{"line":79,"column":27}},"loc":{"start":{"line":79,"column":36},"end":{"line":85,"column":1}},"line":79},"14":{"name":"(anonymous_14)","decl":{"start":{"line":87,"column":27},"end":{"line":87,"column":28}},"loc":{"start":{"line":87,"column":39},"end":{"line":90,"column":1}},"line":87},"15":{"name":"(anonymous_15)","decl":{"start":{"line":92,"column":23},"end":{"line":92,"column":24}},"loc":{"start":{"line":92,"column":30},"end":{"line":96,"column":1}},"line":92},"16":{"name":"(anonymous_16)","decl":{"start":{"line":98,"column":22},"end":{"line":98,"column":23}},"loc":{"start":{"line":98,"column":29},"end":{"line":100,"column":1}},"line":98},"17":{"name":"(anonymous_17)","decl":{"start":{"line":102,"column":32},"end":{"line":102,"column":33}},"loc":{"start":{"line":102,"column":41},"end":{"line":102,"column":65}},"line":102},"18":{"name":"(anonymous_18)","decl":{"start":{"line":104,"column":26},"end":{"line":104,"column":27}},"loc":{"start":{"line":104,"column":41},"end":{"line":108,"column":1}},"line":104},"19":{"name":"(anonymous_19)","decl":{"start":{"line":110,"column":28},"end":{"line":110,"column":29}},"loc":{"start":{"line":110,"column":37},"end":{"line":110,"column":55}},"line":110},"20":{"name":"(anonymous_20)","decl":{"start":{"line":112,"column":25},"end":{"line":112,"column":26}},"loc":{"start":{"line":112,"column":39},"end":{"line":112,"column":90}},"line":112},"21":{"name":"(anonymous_21)","decl":{"start":{"line":112,"column":53},"end":{"line":112,"column":54}},"loc":{"start":{"line":112,"column":64},"end":{"line":112,"column":88}},"line":112},"22":{"name":"(anonymous_22)","decl":{"start":{"line":114,"column":27},"end":{"line":114,"column":28}},"loc":{"start":{"line":114,"column":48},"end":{"line":114,"column":83}},"line":114},"23":{"name":"(anonymous_23)","decl":{"start":{"line":114,"column":59},"end":{"line":114,"column":60}},"loc":{"start":{"line":114,"column":66},"end":{"line":114,"column":82}},"line":114},"24":{"name":"(anonymous_24)","decl":{"start":{"line":116,"column":26},"end":{"line":116,"column":27}},"loc":{"start":{"line":116,"column":40},"end":{"line":121,"column":6}},"line":116},"25":{"name":"(anonymous_25)","decl":{"start":{"line":116,"column":51},"end":{"line":116,"column":52}},"loc":{"start":{"line":116,"column":65},"end":{"line":121,"column":1}},"line":116},"26":{"name":"(anonymous_26)","decl":{"start":{"line":123,"column":25},"end":{"line":123,"column":26}},"loc":{"start":{"line":123,"column":46},"end":{"line":123,"column":79}},"line":123},"27":{"name":"(anonymous_27)","decl":{"start":{"line":123,"column":55},"end":{"line":123,"column":56}},"loc":{"start":{"line":123,"column":62},"end":{"line":123,"column":78}},"line":123},"28":{"name":"(anonymous_28)","decl":{"start":{"line":125,"column":31},"end":{"line":125,"column":32}},"loc":{"start":{"line":125,"column":40},"end":{"line":125,"column":64}},"line":125},"29":{"name":"(anonymous_29)","decl":{"start":{"line":127,"column":23},"end":{"line":127,"column":24}},"loc":{"start":{"line":127,"column":32},"end":{"line":127,"column":67}},"line":127},"30":{"name":"(anonymous_30)","decl":{"start":{"line":129,"column":28},"end":{"line":129,"column":29}},"loc":{"start":{"line":129,"column":49},"end":{"line":129,"column":63}},"line":129},"31":{"name":"(anonymous_31)","decl":{"start":{"line":131,"column":25},"end":{"line":131,"column":26}},"loc":{"start":{"line":131,"column":34},"end":{"line":131,"column":65}},"line":131},"32":{"name":"(anonymous_32)","decl":{"start":{"line":133,"column":30},"end":{"line":133,"column":31}},"loc":{"start":{"line":133,"column":50},"end":{"line":133,"column":125}},"line":133},"33":{"name":"(anonymous_33)","decl":{"start":{"line":133,"column":62},"end":{"line":133,"column":63}},"loc":{"start":{"line":133,"column":74},"end":{"line":133,"column":120}},"line":133},"34":{"name":"(anonymous_34)","decl":{"start":{"line":135,"column":30},"end":{"line":135,"column":31}},"loc":{"start":{"line":135,"column":50},"end":{"line":135,"column":146}},"line":135},"35":{"name":"(anonymous_35)","decl":{"start":{"line":135,"column":74},"end":{"line":135,"column":75}},"loc":{"start":{"line":135,"column":86},"end":{"line":135,"column":141}},"line":135},"36":{"name":"(anonymous_36)","decl":{"start":{"line":137,"column":35},"end":{"line":137,"column":36}},"loc":{"start":{"line":137,"column":44},"end":{"line":137,"column":79}},"line":137},"37":{"name":"(anonymous_37)","decl":{"start":{"line":139,"column":30},"end":{"line":139,"column":31}},"loc":{"start":{"line":139,"column":45},"end":{"line":141,"column":1}},"line":139},"38":{"name":"(anonymous_38)","decl":{"start":{"line":140,"column":32},"end":{"line":140,"column":33}},"loc":{"start":{"line":140,"column":43},"end":{"line":140,"column":73}},"line":140},"39":{"name":"(anonymous_39)","decl":{"start":{"line":143,"column":30},"end":{"line":143,"column":31}},"loc":{"start":{"line":143,"column":52},"end":{"line":151,"column":1}},"line":143},"40":{"name":"(anonymous_40)","decl":{"start":{"line":146,"column":16},"end":{"line":146,"column":17}},"loc":{"start":{"line":146,"column":26},"end":{"line":150,"column":3}},"line":146},"41":{"name":"(anonymous_41)","decl":{"start":{"line":153,"column":26},"end":{"line":153,"column":27}},"loc":{"start":{"line":153,"column":33},"end":{"line":155,"column":1}},"line":153},"42":{"name":"(anonymous_42)","decl":{"start":{"line":157,"column":28},"end":{"line":157,"column":29}},"loc":{"start":{"line":157,"column":35},"end":{"line":157,"column":84}},"line":157},"43":{"name":"(anonymous_43)","decl":{"start":{"line":159,"column":34},"end":{"line":159,"column":35}},"loc":{"start":{"line":159,"column":48},"end":{"line":159,"column":100}},"line":159},"44":{"name":"(anonymous_44)","decl":{"start":{"line":161,"column":32},"end":{"line":161,"column":33}},"loc":{"start":{"line":161,"column":61},"end":{"line":165,"column":1}},"line":161},"45":{"name":"(anonymous_45)","decl":{"start":{"line":163,"column":23},"end":{"line":163,"column":24}},"loc":{"start":{"line":163,"column":30},"end":{"line":163,"column":80}},"line":163},"46":{"name":"(anonymous_46)","decl":{"start":{"line":167,"column":33},"end":{"line":167,"column":34}},"loc":{"start":{"line":167,"column":61},"end":{"line":177,"column":1}},"line":167},"47":{"name":"(anonymous_47)","decl":{"start":{"line":168,"column":16},"end":{"line":168,"column":17}},"loc":{"start":{"line":168,"column":23},"end":{"line":168,"column":42}},"line":168},"48":{"name":"(anonymous_48)","decl":{"start":{"line":179,"column":30},"end":{"line":179,"column":31}},"loc":{"start":{"line":179,"column":76},"end":{"line":179,"column":137}},"line":179},"49":{"name":"(anonymous_49)","decl":{"start":{"line":181,"column":28},"end":{"line":181,"column":29}},"loc":{"start":{"line":181,"column":46},"end":{"line":189,"column":1}},"line":181},"50":{"name":"(anonymous_50)","decl":{"start":{"line":182,"column":16},"end":{"line":182,"column":17}},"loc":{"start":{"line":182,"column":25},"end":{"line":187,"column":3}},"line":182},"51":{"name":"(anonymous_51)","decl":{"start":{"line":191,"column":26},"end":{"line":191,"column":27}},"loc":{"start":{"line":191,"column":54},"end":{"line":198,"column":1}},"line":191},"52":{"name":"(anonymous_52)","decl":{"start":{"line":192,"column":16},"end":{"line":192,"column":17}},"loc":{"start":{"line":192,"column":23},"end":{"line":192,"column":42}},"line":192},"53":{"name":"(anonymous_53)","decl":{"start":{"line":193,"column":16},"end":{"line":193,"column":17}},"loc":{"start":{"line":193,"column":23},"end":{"line":193,"column":42}},"line":193},"54":{"name":"(anonymous_54)","decl":{"start":{"line":201,"column":31},"end":{"line":201,"column":32}},"loc":{"start":{"line":201,"column":41},"end":{"line":201,"column":113}},"line":201},"55":{"name":"(anonymous_55)","decl":{"start":{"line":202,"column":31},"end":{"line":202,"column":32}},"loc":{"start":{"line":202,"column":39},"end":{"line":202,"column":107}},"line":202},"56":{"name":"(anonymous_56)","decl":{"start":{"line":203,"column":33},"end":{"line":203,"column":34}},"loc":{"start":{"line":203,"column":43},"end":{"line":203,"column":119}},"line":203},"57":{"name":"(anonymous_57)","decl":{"start":{"line":204,"column":33},"end":{"line":204,"column":34}},"loc":{"start":{"line":204,"column":41},"end":{"line":204,"column":113}},"line":204},"58":{"name":"(anonymous_58)","decl":{"start":{"line":205,"column":33},"end":{"line":205,"column":34}},"loc":{"start":{"line":205,"column":40},"end":{"line":205,"column":112}},"line":205},"59":{"name":"(anonymous_59)","decl":{"start":{"line":206,"column":28},"end":{"line":206,"column":29}},"loc":{"start":{"line":206,"column":34},"end":{"line":206,"column":100}},"line":206},"60":{"name":"(anonymous_60)","decl":{"start":{"line":208,"column":28},"end":{"line":208,"column":29}},"loc":{"start":{"line":208,"column":38},"end":{"line":208,"column":91}},"line":208},"61":{"name":"(anonymous_61)","decl":{"start":{"line":210,"column":30},"end":{"line":210,"column":31}},"loc":{"start":{"line":210,"column":42},"end":{"line":210,"column":80}},"line":210},"62":{"name":"(anonymous_62)","decl":{"start":{"line":212,"column":30},"end":{"line":212,"column":31}},"loc":{"start":{"line":212,"column":41},"end":{"line":212,"column":59}},"line":212},"63":{"name":"(anonymous_63)","decl":{"start":{"line":214,"column":31},"end":{"line":214,"column":32}},"loc":{"start":{"line":214,"column":40},"end":{"line":214,"column":99}},"line":214},"64":{"name":"(anonymous_64)","decl":{"start":{"line":216,"column":30},"end":{"line":216,"column":31}},"loc":{"start":{"line":216,"column":39},"end":{"line":216,"column":117}},"line":216},"65":{"name":"(anonymous_65)","decl":{"start":{"line":218,"column":36},"end":{"line":218,"column":37}},"loc":{"start":{"line":218,"column":45},"end":{"line":218,"column":92}},"line":218}},"branchMap":{"0":{"loc":{"start":{"line":3,"column":27},"end":{"line":3,"column":35}},"type":"default-arg","locations":[{"start":{"line":3,"column":33},"end":{"line":3,"column":35}}],"line":3},"1":{"loc":{"start":{"line":4,"column":2},"end":{"line":4,"column":22}},"type":"if","locations":[{"start":{"line":4,"column":2},"end":{"line":4,"column":22}},{"start":{},"end":{}}],"line":4},"2":{"loc":{"start":{"line":8,"column":23},"end":{"line":8,"column":31}},"type":"default-arg","locations":[{"start":{"line":8,"column":29},"end":{"line":8,"column":31}}],"line":8},"3":{"loc":{"start":{"line":17,"column":31},"end":{"line":17,"column":39}},"type":"default-arg","locations":[{"start":{"line":17,"column":37},"end":{"line":17,"column":39}}],"line":17},"4":{"loc":{"start":{"line":17,"column":41},"end":{"line":17,"column":56}},"type":"default-arg","locations":[{"start":{"line":17,"column":53},"end":{"line":17,"column":56}}],"line":17},"5":{"loc":{"start":{"line":18,"column":2},"end":{"line":18,"column":42}},"type":"if","locations":[{"start":{"line":18,"column":2},"end":{"line":18,"column":42}},{"start":{},"end":{}}],"line":18},"6":{"loc":{"start":{"line":24,"column":2},"end":{"line":24,"column":72}},"type":"if","locations":[{"start":{"line":24,"column":2},"end":{"line":24,"column":72}},{"start":{},"end":{}}],"line":24},"7":{"loc":{"start":{"line":24,"column":6},"end":{"line":24,"column":43}},"type":"binary-expr","locations":[{"start":{"line":24,"column":6},"end":{"line":24,"column":21}},{"start":{"line":24,"column":25},"end":{"line":24,"column":43}}],"line":24},"8":{"loc":{"start":{"line":25,"column":2},"end":{"line":25,"column":41}},"type":"if","locations":[{"start":{"line":25,"column":2},"end":{"line":25,"column":41}},{"start":{},"end":{}}],"line":25},"9":{"loc":{"start":{"line":34,"column":2},"end":{"line":34,"column":43}},"type":"if","locations":[{"start":{"line":34,"column":2},"end":{"line":34,"column":43}},{"start":{},"end":{}}],"line":34},"10":{"loc":{"start":{"line":34,"column":6},"end":{"line":34,"column":28}},"type":"binary-expr","locations":[{"start":{"line":34,"column":6},"end":{"line":34,"column":10}},{"start":{"line":34,"column":14},"end":{"line":34,"column":28}}],"line":34},"11":{"loc":{"start":{"line":35,"column":9},"end":{"line":35,"column":75}},"type":"binary-expr","locations":[{"start":{"line":35,"column":9},"end":{"line":35,"column":26}},{"start":{"line":35,"column":30},"end":{"line":35,"column":47}},{"start":{"line":35,"column":51},"end":{"line":35,"column":75}}],"line":35},"12":{"loc":{"start":{"line":39,"column":14},"end":{"line":39,"column":32}},"type":"binary-expr","locations":[{"start":{"line":39,"column":14},"end":{"line":39,"column":27}},{"start":{"line":39,"column":31},"end":{"line":39,"column":32}}],"line":39},"13":{"loc":{"start":{"line":43,"column":36},"end":{"line":43,"column":46}},"type":"default-arg","locations":[{"start":{"line":43,"column":45},"end":{"line":43,"column":46}}],"line":43},"14":{"loc":{"start":{"line":49,"column":2},"end":{"line":49,"column":32}},"type":"if","locations":[{"start":{"line":49,"column":2},"end":{"line":49,"column":32}},{"start":{},"end":{}}],"line":49},"15":{"loc":{"start":{"line":57,"column":2},"end":{"line":57,"column":23}},"type":"if","locations":[{"start":{"line":57,"column":2},"end":{"line":57,"column":23}},{"start":{},"end":{}}],"line":57},"16":{"loc":{"start":{"line":70,"column":39},"end":{"line":70,"column":57}},"type":"default-arg","locations":[{"start":{"line":70,"column":45},"end":{"line":70,"column":57}}],"line":70},"17":{"loc":{"start":{"line":75,"column":2},"end":{"line":75,"column":57}},"type":"if","locations":[{"start":{"line":75,"column":2},"end":{"line":75,"column":57}},{"start":{},"end":{}}],"line":75},"18":{"loc":{"start":{"line":82,"column":2},"end":{"line":82,"column":34}},"type":"if","locations":[{"start":{"line":82,"column":2},"end":{"line":82,"column":34}},{"start":{},"end":{}}],"line":82},"19":{"loc":{"start":{"line":83,"column":2},"end":{"line":83,"column":40}},"type":"if","locations":[{"start":{"line":83,"column":2},"end":{"line":83,"column":40}},{"start":{},"end":{}}],"line":83},"20":{"loc":{"start":{"line":112,"column":64},"end":{"line":112,"column":88}},"type":"cond-expr","locations":[{"start":{"line":112,"column":82},"end":{"line":112,"column":83}},{"start":{"line":112,"column":86},"end":{"line":112,"column":88}}],"line":112},"21":{"loc":{"start":{"line":118,"column":11},"end":{"line":118,"column":23}},"type":"binary-expr","locations":[{"start":{"line":118,"column":11},"end":{"line":118,"column":17}},{"start":{"line":118,"column":21},"end":{"line":118,"column":23}}],"line":118},"22":{"loc":{"start":{"line":127,"column":44},"end":{"line":127,"column":53}},"type":"binary-expr","locations":[{"start":{"line":127,"column":44},"end":{"line":127,"column":47}},{"start":{"line":127,"column":51},"end":{"line":127,"column":53}}],"line":127},"23":{"loc":{"start":{"line":129,"column":29},"end":{"line":129,"column":35}},"type":"default-arg","locations":[{"start":{"line":129,"column":33},"end":{"line":129,"column":35}}],"line":129},"24":{"loc":{"start":{"line":129,"column":37},"end":{"line":129,"column":43}},"type":"default-arg","locations":[{"start":{"line":129,"column":41},"end":{"line":129,"column":43}}],"line":129},"25":{"loc":{"start":{"line":133,"column":36},"end":{"line":133,"column":45}},"type":"default-arg","locations":[{"start":{"line":133,"column":43},"end":{"line":133,"column":45}}],"line":133},"26":{"loc":{"start":{"line":133,"column":76},"end":{"line":133,"column":106}},"type":"if","locations":[{"start":{"line":133,"column":76},"end":{"line":133,"column":106}},{"start":{},"end":{}}],"line":133},"27":{"loc":{"start":{"line":135,"column":36},"end":{"line":135,"column":45}},"type":"default-arg","locations":[{"start":{"line":135,"column":43},"end":{"line":135,"column":45}}],"line":135},"28":{"loc":{"start":{"line":135,"column":88},"end":{"line":135,"column":127}},"type":"if","locations":[{"start":{"line":135,"column":88},"end":{"line":135,"column":127}},{"start":{},"end":{}}],"line":135},"29":{"loc":{"start":{"line":140,"column":43},"end":{"line":140,"column":73}},"type":"cond-expr","locations":[{"start":{"line":140,"column":57},"end":{"line":140,"column":61}},{"start":{"line":140,"column":64},"end":{"line":140,"column":73}}],"line":140},"30":{"loc":{"start":{"line":140,"column":43},"end":{"line":140,"column":54}},"type":"binary-expr","locations":[{"start":{"line":140,"column":43},"end":{"line":140,"column":44}},{"start":{"line":140,"column":48},"end":{"line":140,"column":54}}],"line":140},"31":{"loc":{"start":{"line":147,"column":4},"end":{"line":148,"column":31}},"type":"if","locations":[{"start":{"line":147,"column":4},"end":{"line":148,"column":31}},{"start":{"line":148,"column":9},"end":{"line":148,"column":31}}],"line":147},"32":{"loc":{"start":{"line":148,"column":18},"end":{"line":148,"column":30}},"type":"binary-expr","locations":[{"start":{"line":148,"column":18},"end":{"line":148,"column":24}},{"start":{"line":148,"column":28},"end":{"line":148,"column":30}}],"line":148},"33":{"loc":{"start":{"line":159,"column":48},"end":{"line":159,"column":100}},"type":"binary-expr","locations":[{"start":{"line":159,"column":48},"end":{"line":159,"column":58}},{"start":{"line":159,"column":62},"end":{"line":159,"column":71}},{"start":{"line":159,"column":75},"end":{"line":159,"column":86}},{"start":{"line":159,"column":90},"end":{"line":159,"column":100}}],"line":159},"34":{"loc":{"start":{"line":161,"column":39},"end":{"line":161,"column":56}},"type":"default-arg","locations":[{"start":{"line":161,"column":54},"end":{"line":161,"column":56}}],"line":161},"35":{"loc":{"start":{"line":163,"column":32},"end":{"line":163,"column":78}},"type":"if","locations":[{"start":{"line":163,"column":32},"end":{"line":163,"column":78}},{"start":{},"end":{}}],"line":163},"36":{"loc":{"start":{"line":201,"column":43},"end":{"line":201,"column":111}},"type":"if","locations":[{"start":{"line":201,"column":43},"end":{"line":201,"column":111}},{"start":{},"end":{}}],"line":201},"37":{"loc":{"start":{"line":202,"column":39},"end":{"line":202,"column":107}},"type":"cond-expr","locations":[{"start":{"line":202,"column":77},"end":{"line":202,"column":100}},{"start":{"line":202,"column":103},"end":{"line":202,"column":107}}],"line":202},"38":{"loc":{"start":{"line":203,"column":45},"end":{"line":203,"column":117}},"type":"if","locations":[{"start":{"line":203,"column":45},"end":{"line":203,"column":117}},{"start":{},"end":{}}],"line":203},"39":{"loc":{"start":{"line":204,"column":41},"end":{"line":204,"column":113}},"type":"cond-expr","locations":[{"start":{"line":204,"column":81},"end":{"line":204,"column":106}},{"start":{"line":204,"column":109},"end":{"line":204,"column":113}}],"line":204},"40":{"loc":{"start":{"line":205,"column":42},"end":{"line":205,"column":110}},"type":"if","locations":[{"start":{"line":205,"column":42},"end":{"line":205,"column":110}},{"start":{},"end":{}}],"line":205},"41":{"loc":{"start":{"line":206,"column":36},"end":{"line":206,"column":98}},"type":"if","locations":[{"start":{"line":206,"column":36},"end":{"line":206,"column":98}},{"start":{},"end":{}}],"line":206},"42":{"loc":{"start":{"line":208,"column":38},"end":{"line":208,"column":91}},"type":"cond-expr","locations":[{"start":{"line":208,"column":52},"end":{"line":208,"column":57}},{"start":{"line":208,"column":60},"end":{"line":208,"column":91}}],"line":208},"43":{"loc":{"start":{"line":208,"column":60},"end":{"line":208,"column":91}},"type":"cond-expr","locations":[{"start":{"line":208,"column":73},"end":{"line":208,"column":81}},{"start":{"line":208,"column":84},"end":{"line":208,"column":91}}],"line":208},"44":{"loc":{"start":{"line":214,"column":40},"end":{"line":214,"column":99}},"type":"binary-expr","locations":[{"start":{"line":214,"column":40},"end":{"line":214,"column":68}},{"start":{"line":214,"column":72},"end":{"line":214,"column":84}},{"start":{"line":214,"column":88},"end":{"line":214,"column":99}}],"line":214},"45":{"loc":{"start":{"line":216,"column":74},"end":{"line":216,"column":115}},"type":"binary-expr","locations":[{"start":{"line":216,"column":74},"end":{"line":216,"column":99}},{"start":{"line":216,"column":103},"end":{"line":216,"column":115}}],"line":216}},"s":{"0":1,"1":2,"2":0,"3":2,"4":1,"5":2,"6":1,"7":1,"8":0,"9":1,"10":1,"11":2,"12":2,"13":1,"14":1,"15":1,"16":0,"17":1,"18":5,"19":1,"20":3,"21":1,"22":2,"23":1,"24":2,"25":2,"26":1,"27":2,"28":2,"29":1,"30":5,"31":0,"32":5,"33":5,"34":5,"35":5,"36":1,"37":2,"38":0,"39":2,"40":1,"41":1,"42":1,"43":1,"44":1,"45":1,"46":1,"47":1,"48":1,"49":1,"50":1,"51":1,"52":0,"53":1,"54":1,"55":1,"56":1,"57":0,"58":1,"59":0,"60":1,"61":1,"62":1,"63":1,"64":1,"65":2,"66":2,"67":2,"68":1,"69":2,"70":1,"71":1,"72":1,"73":1,"74":1,"75":1,"76":3,"77":1,"78":1,"79":1,"80":1,"81":1,"82":4,"83":1,"84":1,"85":3,"86":1,"87":1,"88":3,"89":3,"90":3,"91":3,"92":1,"93":1,"94":2,"95":1,"96":1,"97":1,"98":2,"99":1,"100":1,"101":1,"102":1,"103":1,"104":1,"105":2,"106":2,"107":2,"108":1,"109":1,"110":3,"111":2,"112":3,"113":1,"114":1,"115":1,"116":2,"117":6,"118":1,"119":1,"120":1,"121":1,"122":3,"123":1,"124":2,"125":3,"126":1,"127":2,"128":2,"129":2,"130":1,"131":1,"132":2,"133":1,"134":2,"135":1,"136":1,"137":1,"138":2,"139":1,"140":1,"141":1,"142":2,"143":8,"144":2,"145":2,"146":2,"147":2,"148":2,"149":2,"150":2,"151":1,"152":1,"153":1,"154":1,"155":2,"156":2,"157":2,"158":2,"159":1,"160":1,"161":1,"162":6,"163":1,"164":1,"165":1,"166":1,"167":1,"168":1,"169":1,"170":4,"171":4,"172":1,"173":4,"174":1,"175":1,"176":1,"177":1,"178":1,"179":1,"180":1,"181":1,"182":1,"183":1,"184":1,"185":1,"186":3,"187":1,"188":1,"189":1,"190":2,"191":1,"192":1,"193":1,"194":1,"195":1,"196":1},"f":{"0":2,"1":2,"2":1,"3":2,"4":5,"5":3,"6":2,"7":2,"8":5,"9":2,"10":1,"11":1,"12":1,"13":1,"14":1,"15":2,"16":2,"17":1,"18":1,"19":1,"20":1,"21":4,"22":1,"23":3,"24":1,"25":3,"26":1,"27":2,"28":1,"29":2,"30":1,"31":1,"32":1,"33":2,"34":1,"35":3,"36":1,"37":2,"38":6,"39":1,"40":3,"41":2,"42":2,"43":2,"44":1,"45":2,"46":2,"47":8,"48":1,"49":1,"50":2,"51":1,"52":6,"53":1,"54":4,"55":4,"56":1,"57":1,"58":1,"59":1,"60":3,"61":1,"62":2,"63":1,"64":1,"65":1},"b":{"0":[2],"1":[0,2],"2":[2],"3":[1],"4":[1],"5":[0,1],"6":[1,1],"7":[2,1],"8":[1,0],"9":[1,2],"10":[3,3],"11":[2,2,1],"12":[2,0],"13":[2],"14":[0,5],"15":[0,2],"16":[1],"17":[1,0],"18":[0,1],"19":[0,1],"20":[2,2],"21":[3,2],"22":[2,0],"23":[1],"24":[1],"25":[1],"26":[2,0],"27":[1],"28":[2,1],"29":[4,2],"30":[6,5],"31":[1,2],"32":[2,1],"33":[2,2,1,1],"34":[1],"35":[1,1],"36":[4,0],"37":[4,0],"38":[1,0],"39":[1,0],"40":[1,0],"41":[1,0],"42":[1,2],"43":[1,1],"44":[1,0,0],"45":[1,0]},"meta":{"lastBranch":46,"lastFunction":66,"lastStatement":197,"seen":{"s:3:26:6:1":0,"f:3:26:3:27":0,"b:3:33:3:35":0,"b:4:2:4:22:undefined:undefined:undefined:undefined":1,"s:4:2:4:22":1,"s:4:12:4:22":2,"s:5:2:5:66":3,"s:8:22:15:1":4,"f:8:22:8:23":1,"b:8:29:8:31":2,"s:9:2:14:25":5,"s:17:30:20:1":6,"f:17:30:17:31":2,"b:17:37:17:39":3,"b:17:53:17:56":4,"b:18:2:18:42:undefined:undefined:undefined:undefined":5,"s:18:2:18:42":7,"s:18:31:18:42":8,"s:19:2:19:41":9,"s:22:33:27:1":10,"f:22:33:22:34":3,"s:23:12:23:42":11,"b:24:2:24:72:undefined:undefined:undefined:undefined":6,"s:24:2:24:72":12,"b:24:6:24:21:24:25:24:43":7,"s:24:45:24:72":13,"b:25:2:25:41:undefined:undefined:undefined:undefined":8,"s:25:2:25:41":14,"s:25:23:25:41":15,"s:26:2:26:13":16,"s:29:28:31:1":17,"f:29:28:29:29":4,"s:30:2:30:50":18,"s:33:32:36:1":19,"f:33:32:33:33":5,"b:34:2:34:43:undefined:undefined:undefined:undefined":9,"s:34:2:34:43":20,"b:34:6:34:10:34:14:34:28":10,"s:34:30:34:43":21,"s:35:2:35:76":22,"b:35:9:35:26:35:30:35:47:35:51:35:75":11,"s:38:30:41:1":23,"f:38:30:38:31":6,"s:39:14:39:32":24,"b:39:14:39:27:39:31:39:32":12,"s:40:2:40:77":25,"s:43:30:46:1":26,"f:43:30:43:31":7,"b:43:45:43:46":13,"s:44:17:44:37":27,"s:45:2:45:43":28,"s:48:27:54:1":29,"f:48:27:48:28":8,"b:49:2:49:32:undefined:undefined:undefined:undefined":14,"s:49:2:49:32":30,"s:49:19:49:32":31,"s:50:12:50:16":32,"s:51:16:51:45":33,"s:52:12:52:53":34,"s:53:2:53:62":35,"s:56:35:59:1":36,"f:56:35:56:36":9,"b:57:2:57:23:undefined:undefined:undefined:undefined":15,"s:57:2:57:23":37,"s:57:14:57:23":38,"s:58:2:58:30":39,"s:61:31:63:1":40,"f:61:31:61:32":10,"s:62:2:62:59":41,"s:65:26:68:1":42,"f:65:26:65:27":11,"s:66:12:66:26":43,"s:67:2:67:26":44,"s:70:32:77:1":45,"f:70:32:70:33":12,"b:70:45:70:57":16,"s:71:12:71:26":46,"s:72:13:72:49":47,"s:73:13:73:54":48,"s:74:15:74:30":49,"b:75:2:75:57:undefined:undefined:undefined:undefined":17,"s:75:2:75:57":50,"s:75:28:75:57":51,"s:76:2:76:25":52,"s:79:26:85:1":53,"f:79:26:79:27":13,"s:80:14:80:24":54,"s:81:15:81:57":55,"b:82:2:82:34:undefined:undefined:undefined:undefined":18,"s:82:2:82:34":56,"s:82:16:82:34":57,"b:83:2:83:40:undefined:undefined:undefined:undefined":19,"s:83:2:83:40":58,"s:83:18:83:40":59,"s:84:2:84:31":60,"s:87:27:90:1":61,"f:87:27:87:28":14,"s:88:15:88:52":62,"s:89:2:89:50":63,"s:92:23:96:1":64,"f:92:23:92:24":15,"s:93:13:93:24":65,"s:94:14:94:24":66,"s:95:2:95:50":67,"s:98:22:100:1":68,"f:98:22:98:23":16,"s:99:2:99:34":69,"s:102:32:102:65":70,"f:102:32:102:33":17,"s:102:41:102:65":71,"s:104:26:108:1":72,"f:104:26:104:27":18,"s:105:14:105:16":73,"s:106:2:106:78":74,"s:106:15:106:16":75,"s:106:45:106:78":76,"s:107:2:107:13":77,"s:110:28:110:55":78,"f:110:28:110:29":19,"s:110:37:110:55":79,"s:112:25:112:90":80,"f:112:25:112:26":20,"s:112:39:112:90":81,"f:112:53:112:54":21,"s:112:64:112:88":82,"b:112:82:112:83:112:86:112:88":20,"s:114:27:114:83":83,"f:114:27:114:28":22,"s:114:48:114:83":84,"f:114:59:114:60":23,"s:114:66:114:82":85,"s:116:26:121:6":86,"f:116:26:116:27":24,"s:116:40:121:6":87,"f:116:51:116:52":25,"s:117:12:117:20":88,"s:118:2:118:24":89,"b:118:11:118:17:118:21:118:23":21,"s:119:2:119:19":90,"s:120:2:120:13":91,"s:123:25:123:79":92,"f:123:25:123:26":26,"s:123:46:123:79":93,"f:123:55:123:56":27,"s:123:62:123:78":94,"s:125:31:125:64":95,"f:125:31:125:32":28,"s:125:40:125:64":96,"s:127:23:127:67":97,"f:127:23:127:24":29,"s:127:32:127:67":98,"b:127:44:127:47:127:51:127:53":22,"s:129:28:129:64":99,"f:129:28:129:29":30,"s:129:49:129:63":100,"b:129:33:129:35":23,"b:129:41:129:43":24,"s:131:25:131:65":101,"f:131:25:131:26":31,"s:131:34:131:65":102,"s:133:30:133:125":103,"f:133:30:133:31":32,"s:133:50:133:125":104,"b:133:43:133:45":25,"f:133:62:133:63":33,"b:133:76:133:106:undefined:undefined:undefined:undefined":26,"s:133:76:133:106":105,"s:133:90:133:106":106,"s:133:107:133:118":107,"s:135:30:135:146":108,"f:135:30:135:31":34,"s:135:50:135:146":109,"b:135:43:135:45":27,"f:135:74:135:75":35,"b:135:88:135:127:undefined:undefined:undefined:undefined":28,"s:135:88:135:127":110,"s:135:111:135:127":111,"s:135:128:135:139":112,"s:137:35:137:79":113,"f:137:35:137:36":36,"s:137:44:137:79":114,"s:139:30:141:1":115,"f:139:30:139:31":37,"s:140:2:140:81":116,"f:140:32:140:33":38,"s:140:43:140:73":117,"b:140:57:140:61:140:64:140:73":29,"b:140:43:140:44:140:48:140:54":30,"s:143:30:151:1":118,"f:143:30:143:31":39,"s:144:16:144:31":119,"s:145:12:145:15":120,"s:146:2:150:5":121,"f:146:16:146:17":40,"b:147:4:148:31:148:9:148:31":31,"s:147:4:148:31":122,"s:147:32:147:47":123,"s:148:9:148:31":124,"b:148:18:148:24:148:28:148:30":32,"s:149:4:149:17":125,"s:153:26:155:1":126,"f:153:26:153:27":41,"s:154:2:154:58":127,"s:154:8:154:19":128,"s:154:20:154:32":129,"s:154:43:154:56":130,"s:157:28:157:84":131,"f:157:28:157:29":42,"s:157:35:157:84":132,"s:159:34:159:100":133,"f:159:34:159:35":43,"s:159:48:159:100":134,"b:159:48:159:58:159:62:159:71:159:75:159:86:159:90:159:100":33,"s:161:32:165:1":135,"f:161:32:161:33":44,"b:161:54:161:56":34,"s:162:17:162:19":136,"s:163:2:163:82":137,"f:163:23:163:24":45,"b:163:32:163:78:undefined:undefined:undefined:undefined":35,"s:163:32:163:78":138,"s:163:46:163:78":139,"s:164:2:164:50":140,"s:167:33:177:1":141,"f:167:33:167:34":46,"s:168:16:168:42":142,"f:168:16:168:17":47,"s:168:23:168:42":143,"s:169:12:169:16":144,"s:170:15:170:33":145,"s:171:15:171:33":146,"s:172:12:172:109":147,"s:173:12:173:58":148,"s:175:30:175:34":149,"s:176:2:176:37":150,"s:179:30:179:137":151,"f:179:30:179:31":48,"s:179:76:179:137":152,"s:181:28:189:1":153,"f:181:28:181:29":49,"s:182:16:187:3":154,"f:182:16:182:17":50,"s:183:14:183:39":155,"s:184:14:184:50":156,"s:185:14:185:62":157,"s:186:4:186:32":158,"s:188:2:188:39":159,"s:191:26:198:1":160,"f:191:26:191:27":51,"s:192:16:192:42":161,"f:192:16:192:17":52,"s:192:23:192:42":162,"s:193:16:193:42":163,"f:193:16:193:17":53,"s:193:23:193:42":164,"s:194:15:194:33":165,"s:195:12:195:50":166,"s:196:12:196:122":167,"s:197:2:197:47":168,"s:201:31:201:113":169,"f:201:31:201:32":54,"b:201:43:201:111:undefined:undefined:undefined:undefined":36,"s:201:43:201:111":170,"s:201:84:201:111":171,"s:202:31:202:108":172,"f:202:31:202:32":55,"s:202:39:202:107":173,"b:202:77:202:100:202:103:202:107":37,"s:203:33:203:119":174,"f:203:33:203:34":56,"b:203:45:203:117:undefined:undefined:undefined:undefined":38,"s:203:45:203:117":175,"s:203:88:203:117":176,"s:204:33:204:114":177,"f:204:33:204:34":57,"s:204:41:204:113":178,"b:204:81:204:106:204:109:204:113":39,"s:205:33:205:112":179,"f:205:33:205:34":58,"b:205:42:205:110:undefined:undefined:undefined:undefined":40,"s:205:42:205:110":180,"s:205:83:205:110":181,"s:206:28:206:100":182,"f:206:28:206:29":59,"b:206:36:206:98:undefined:undefined:undefined:undefined":41,"s:206:36:206:98":183,"s:206:77:206:98":184,"s:208:28:208:92":185,"f:208:28:208:29":60,"s:208:38:208:91":186,"b:208:52:208:57:208:60:208:91":42,"b:208:73:208:81:208:84:208:91":43,"s:210:30:210:80":187,"f:210:30:210:31":61,"s:210:42:210:80":188,"s:212:30:212:59":189,"f:212:30:212:31":62,"s:212:41:212:59":190,"s:214:31:214:99":191,"f:214:31:214:32":63,"s:214:40:214:99":192,"b:214:40:214:68:214:72:214:84:214:88:214:99":44,"s:216:30:216:117":193,"f:216:30:216:31":64,"s:216:39:216:117":194,"b:216:74:216:99:216:103:216:115":45,"s:218:36:218:92":195,"f:218:36:218:37":65,"s:218:45:218:92":196}}}
}
